Armazenar Iniciando...
Armazenar Finalizando...
Carregar Iniciando...
Carregar Finalizando...
Consumidor usando Monitor: 0
Produtor usando Monitor: 0
Armazenar Iniciando...
Armazenar Finalizando...
Produtor usando Monitor: 1
Carregar Iniciando...
Carregar Finalizando...
Consumidor usando Monitor: 1
Armazenar Iniciando...
Armazenar Finalizando...
Produtor usando Monitor: 2
Carregar Iniciando...
Carregar Finalizando...
Consumidor usando Monitor: 2
Armazenar Iniciando...
Armazenar Finalizando...
Produtor usando Monitor: 3
Carregar Iniciando...
Carregar Finalizando...
Consumidor usando Monitor: 3
Armazenar Iniciando...
Armazenar Finalizando...
Produtor usando Monitor: 4
Carregar Iniciando...
Carregar Finalizando...
Consumidor usando Monitor: 4
